# JRE version: OpenJDK Runtime Environment (21.0.4) (build 21.0.4+-12508038-b607.1)
# Java VM: OpenJDK 64-Bit Server VM (21.0.4+-12508038-b607.1, mixed mode, tiered, compressed oops, compressed class ptrs, g1 gc, windows-amd64)
GC Precious Log:
 CardTable entry size: 512
 Card Set container configuration: InlinePtr #cards 5 size 8 Array Of Cards #cards 12 size 40 Howl #buckets 4 coarsen threshold 1843 Howl Bitmap #cards 512 size 80 coarsen threshold 460 Card regions per heap region 1 cards per card region 2048
 CPUs: 12 total, 12 available
 Memory: 15706M
 Large Page Support: Disabled
 NUMA Support: Disabled
 Compressed Oops: Enabled (32-bit)
 Heap Region Size: 1M
 Heap Min Capacity: 8M
 Heap Initial Capacity: 246M
 Heap Max Capacity: 2G
 Pre-touch: Disabled
 Parallel Workers: 10
 Concurrent Workers: 3
 Concurrent Refinement Workers: 10
 Periodic GC: Disabled
Heap:
 garbage-first heap   total 338944K, used 294745K [0x0000000080000000, 0x0000000100000000)
  region size 1024K, 71 young (72704K), 12 survivors (12288K)
 Metaspace       used 128294K, committed 130432K, reserved 1179648K
  class space    used 17870K, committed 18944K, reserved 1048576K
GC Heap History (20 events):
Event: 16.290 GC heap before
{Heap before GC invocations=40 (full 0):
 garbage-first heap   total 189440K, used 171975K [0x0000000080000000, 0x0000000100000000)
  region size 1024K, 62 young (63488K), 5 survivors (5120K)
 Metaspace       used 111110K, committed 113216K, reserved 1179648K
  class space    used 15272K, committed 16320K, reserved 1048576K
}
Event: 16.296 GC heap after
{Heap after GC invocations=41 (full 0):
 garbage-first heap   total 227328K, used 114647K [0x0000000080000000, 0x0000000100000000)
  region size 1024K, 7 young (7168K), 7 survivors (7168K)
 Metaspace       used 111110K, committed 113216K, reserved 1179648K
  class space    used 15272K, committed 16320K, reserved 1048576K
}
Event: 16.906 GC heap before
{Heap before GC invocations=41 (full 0):
 garbage-first heap   total 227328K, used 209879K [0x0000000080000000, 0x0000000100000000)
  region size 1024K, 96 young (98304K), 7 survivors (7168K)
 Metaspace       used 113560K, committed 115712K, reserved 1179648K
  class space    used 15483K, committed 16576K, reserved 1048576K
}
Event: 16.915 GC heap after
{Heap after GC invocations=42 (full 0):
 garbage-first heap   total 227328K, used 119645K [0x0000000080000000, 0x0000000100000000)
  region size 1024K, 12 young (12288K), 12 survivors (12288K)
 Metaspace       used 113560K, committed 115712K, reserved 1179648K
  class space    used 15483K, committed 16576K, reserved 1048576K
}
Event: 17.163 GC heap before
{Heap before GC invocations=42 (full 0):
 garbage-first heap   total 227328K, used 200541K [0x0000000080000000, 0x0000000100000000)
  region size 1024K, 92 young (94208K), 12 survivors (12288K)
 Metaspace       used 114648K, committed 116800K, reserved 1179648K
  class space    used 15659K, committed 16768K, reserved 1048576K
}
Event: 17.173 GC heap after
{Heap after GC invocations=43 (full 0):
 garbage-first heap   total 227328K, used 130689K [0x0000000080000000, 0x0000000100000000)
  region size 1024K, 12 young (12288K), 12 survivors (12288K)
 Metaspace       used 114648K, committed 116800K, reserved 1179648K
  class space    used 15659K, committed 16768K, reserved 1048576K
}
Event: 17.257 GC heap before
{Heap before GC invocations=43 (full 0):
 garbage-first heap   total 227328K, used 201345K [0x0000000080000000, 0x0000000100000000)
  region size 1024K, 82 young (83968K), 12 survivors (12288K)
 Metaspace       used 115204K, committed 117312K, reserved 1179648K
  class space    used 15740K, committed 16832K, reserved 1048576K
}
Event: 17.265 GC heap after
{Heap after GC invocations=44 (full 0):
 garbage-first heap   total 230400K, used 145948K [0x0000000080000000, 0x0000000100000000)
  region size 1024K, 11 young (11264K), 11 survivors (11264K)
 Metaspace       used 115204K, committed 117312K, reserved 1179648K
  class space    used 15740K, committed 16832K, reserved 1048576K
}
Event: 17.745 GC heap before
{Heap before GC invocations=45 (full 0):
 garbage-first heap   total 244736K, used 203292K [0x0000000080000000, 0x0000000100000000)
  region size 1024K, 68 young (69632K), 11 survivors (11264K)
 Metaspace       used 119602K, committed 121728K, reserved 1179648K
  class space    used 16436K, committed 17472K, reserved 1048576K
}
Event: 17.755 GC heap after
{Heap after GC invocations=46 (full 0):
 garbage-first heap   total 244736K, used 156323K [0x0000000080000000, 0x0000000100000000)
  region size 1024K, 9 young (9216K), 9 survivors (9216K)
 Metaspace       used 119602K, committed 121728K, reserved 1179648K
  class space    used 16436K, committed 17472K, reserved 1048576K
}
Event: 17.909 GC heap before
{Heap before GC invocations=46 (full 0):
 garbage-first heap   total 244736K, used 215715K [0x0000000080000000, 0x0000000100000000)
  region size 1024K, 68 young (69632K), 9 survivors (9216K)
 Metaspace       used 120716K, committed 122880K, reserved 1179648K
  class space    used 16641K, committed 17728K, reserved 1048576K
}
Event: 17.926 GC heap after
{Heap after GC invocations=47 (full 0):
 garbage-first heap   total 244736K, used 165761K [0x0000000080000000, 0x0000000100000000)
  region size 1024K, 9 young (9216K), 9 survivors (9216K)
 Metaspace       used 120716K, committed 122880K, reserved 1179648K
  class space    used 16641K, committed 17728K, reserved 1048576K
}
Event: 18.057 GC heap before
{Heap before GC invocations=47 (full 0):
 garbage-first heap   total 244736K, used 219009K [0x0000000080000000, 0x0000000100000000)
  region size 1024K, 62 young (63488K), 9 survivors (9216K)
 Metaspace       used 122158K, committed 124288K, reserved 1179648K
  class space    used 16852K, committed 17920K, reserved 1048576K
}
Event: 18.072 GC heap after
{Heap after GC invocations=48 (full 0):
 garbage-first heap   total 338944K, used 175015K [0x0000000080000000, 0x0000000100000000)
  region size 1024K, 8 young (8192K), 8 survivors (8192K)
 Metaspace       used 122158K, committed 124288K, reserved 1179648K
  class space    used 16852K, committed 17920K, reserved 1048576K
}
Event: 18.446 GC heap before
{Heap before GC invocations=49 (full 0):
 garbage-first heap   total 338944K, used 287655K [0x0000000080000000, 0x0000000100000000)
  region size 1024K, 119 young (121856K), 8 survivors (8192K)
 Metaspace       used 124378K, committed 126464K, reserved 1179648K
  class space    used 17185K, committed 18240K, reserved 1048576K
}
Event: 18.471 GC heap after
{Heap after GC invocations=50 (full 0):
 garbage-first heap   total 338944K, used 195584K [0x0000000080000000, 0x0000000100000000)
  region size 1024K, 15 young (15360K), 15 survivors (15360K)
 Metaspace       used 124378K, committed 126464K, reserved 1179648K
  class space    used 17185K, committed 18240K, reserved 1048576K
}
Event: 18.652 GC heap before
{Heap before GC invocations=50 (full 0):
 garbage-first heap   total 338944K, used 291840K [0x0000000080000000, 0x0000000100000000)
  region size 1024K, 110 young (112640K), 15 survivors (15360K)
 Metaspace       used 125454K, committed 127552K, reserved 1179648K
  class space    used 17372K, committed 18432K, reserved 1048576K
}
Event: 18.680 GC heap after
{Heap after GC invocations=51 (full 0):
 garbage-first heap   total 338944K, used 216534K [0x0000000080000000, 0x0000000100000000)
  region size 1024K, 14 young (14336K), 14 survivors (14336K)
 Metaspace       used 125454K, committed 127552K, reserved 1179648K
  class space    used 17372K, committed 18432K, reserved 1048576K
}
Event: 18.810 GC heap before
{Heap before GC invocations=51 (full 0):
 garbage-first heap   total 338944K, used 298454K [0x0000000080000000, 0x0000000100000000)
  region size 1024K, 94 young (96256K), 14 survivors (14336K)
 Metaspace       used 126614K, committed 128704K, reserved 1179648K
  class space    used 17587K, committed 18624K, reserved 1048576K
}
Event: 18.832 GC heap after
{Heap after GC invocations=52 (full 0):
 garbage-first heap   total 338944K, used 236377K [0x0000000080000000, 0x0000000100000000)
  region size 1024K, 12 young (12288K), 12 survivors (12288K)
 Metaspace       used 126614K, committed 128704K, reserved 1179648K
  class space    used 17587K, committed 18624K, reserved 1048576K
}

