# JRE version: OpenJDK Runtime Environment (21.0.4) (build 21.0.4+-12508038-b607.1)
# Java VM: OpenJDK 64-Bit Server VM (21.0.4+-12508038-b607.1, mixed mode, tiered, compressed oops, compressed class ptrs, g1 gc, windows-amd64)
GC Precious Log:
 CardTable entry size: 512
 Card Set container configuration: InlinePtr #cards 5 size 8 Array Of Cards #cards 12 size 40 Howl #buckets 4 coarsen threshold 1843 Howl Bitmap #cards 512 size 80 coarsen threshold 460 Card regions per heap region 1 cards per card region 2048
 CPUs: 12 total, 12 available
 Memory: 15706M
 Large Page Support: Disabled
 NUMA Support: Disabled
 Compressed Oops: Enabled (32-bit)
 Heap Region Size: 1M
 Heap Min Capacity: 8M
 Heap Initial Capacity: 246M
 Heap Max Capacity: 2G
 Pre-touch: Disabled
 Parallel Workers: 10
 Concurrent Workers: 3
 Concurrent Refinement Workers: 10
 Periodic GC: Disabled
Heap:
 garbage-first heap   total 359424K, used 261120K [0x0000000080000000, 0x0000000100000000)
  region size 1024K, 12 young (12288K), 12 survivors (12288K)
 Metaspace       used 141756K, committed 144000K, reserved 1179648K
  class space    used 19243K, committed 20352K, reserved 1048576K
GC Heap History (20 events):
Event: 33.261 GC heap after
{Heap after GC invocations=63 (full 0):
 garbage-first heap   total 291840K, used 141541K [0x0000000080000000, 0x0000000100000000)
  region size 1024K, 4 young (4096K), 4 survivors (4096K)
 Metaspace       used 127849K, committed 130112K, reserved 1179648K
  class space    used 16970K, committed 18112K, reserved 1048576K
}
Event: 33.508 GC heap before
{Heap before GC invocations=63 (full 0):
 garbage-first heap   total 291840K, used 270565K [0x0000000080000000, 0x0000000100000000)
  region size 1024K, 132 young (135168K), 4 survivors (4096K)
 Metaspace       used 127850K, committed 130112K, reserved 1179648K
  class space    used 16970K, committed 18112K, reserved 1048576K
}
Event: 33.514 GC heap after
{Heap after GC invocations=64 (full 0):
 garbage-first heap   total 291840K, used 143022K [0x0000000080000000, 0x0000000100000000)
  region size 1024K, 6 young (6144K), 6 survivors (6144K)
 Metaspace       used 127850K, committed 130112K, reserved 1179648K
  class space    used 16970K, committed 18112K, reserved 1048576K
}
Event: 34.055 GC heap before
{Heap before GC invocations=65 (full 0):
 garbage-first heap   total 291840K, used 267950K [0x0000000080000000, 0x0000000100000000)
  region size 1024K, 129 young (132096K), 6 survivors (6144K)
 Metaspace       used 127859K, committed 130112K, reserved 1179648K
  class space    used 16971K, committed 18112K, reserved 1048576K
}
Event: 34.062 GC heap after
{Heap after GC invocations=66 (full 0):
 garbage-first heap   total 291840K, used 142039K [0x0000000080000000, 0x0000000100000000)
  region size 1024K, 5 young (5120K), 5 survivors (5120K)
 Metaspace       used 127859K, committed 130112K, reserved 1179648K
  class space    used 16971K, committed 18112K, reserved 1048576K
}
Event: 35.120 GC heap before
{Heap before GC invocations=66 (full 0):
 garbage-first heap   total 291840K, used 269015K [0x0000000080000000, 0x0000000100000000)
  region size 1024K, 130 young (133120K), 5 survivors (5120K)
 Metaspace       used 127980K, committed 130176K, reserved 1179648K
  class space    used 16988K, committed 18112K, reserved 1048576K
}
Event: 35.127 GC heap after
{Heap after GC invocations=67 (full 0):
 garbage-first heap   total 291840K, used 136239K [0x0000000080000000, 0x0000000100000000)
  region size 1024K, 6 young (6144K), 6 survivors (6144K)
 Metaspace       used 127980K, committed 130176K, reserved 1179648K
  class space    used 16988K, committed 18112K, reserved 1048576K
}
Event: 35.888 GC heap before
{Heap before GC invocations=67 (full 0):
 garbage-first heap   total 291840K, used 268335K [0x0000000080000000, 0x0000000100000000)
  region size 1024K, 136 young (139264K), 6 survivors (6144K)
 Metaspace       used 129024K, committed 131200K, reserved 1179648K
  class space    used 17141K, committed 18240K, reserved 1048576K
}
Event: 35.897 GC heap after
{Heap after GC invocations=68 (full 0):
 garbage-first heap   total 291840K, used 152419K [0x0000000080000000, 0x0000000100000000)
  region size 1024K, 17 young (17408K), 17 survivors (17408K)
 Metaspace       used 129024K, committed 131200K, reserved 1179648K
  class space    used 17141K, committed 18240K, reserved 1048576K
}
Event: 36.754 GC heap before
{Heap before GC invocations=69 (full 0):
 garbage-first heap   total 291840K, used 257891K [0x0000000080000000, 0x0000000100000000)
  region size 1024K, 121 young (123904K), 17 survivors (17408K)
 Metaspace       used 133760K, committed 136000K, reserved 1179648K
  class space    used 17880K, committed 19008K, reserved 1048576K
}
Event: 36.771 GC heap after
{Heap after GC invocations=70 (full 0):
 garbage-first heap   total 294912K, used 170077K [0x0000000080000000, 0x0000000100000000)
  region size 1024K, 16 young (16384K), 16 survivors (16384K)
 Metaspace       used 133760K, committed 136000K, reserved 1179648K
  class space    used 17880K, committed 19008K, reserved 1048576K
}
Event: 37.041 GC heap before
{Heap before GC invocations=70 (full 0):
 garbage-first heap   total 294912K, used 261213K [0x0000000080000000, 0x0000000100000000)
  region size 1024K, 106 young (108544K), 16 survivors (16384K)
 Metaspace       used 135193K, committed 137408K, reserved 1179648K
  class space    used 18146K, committed 19264K, reserved 1048576K
}
Event: 37.067 GC heap after
{Heap after GC invocations=71 (full 0):
 garbage-first heap   total 359424K, used 183497K [0x0000000080000000, 0x0000000100000000)
  region size 1024K, 14 young (14336K), 14 survivors (14336K)
 Metaspace       used 135193K, committed 137408K, reserved 1179648K
  class space    used 18146K, committed 19264K, reserved 1048576K
}
Event: 37.432 GC heap before
{Heap before GC invocations=71 (full 0):
 garbage-first heap   total 359424K, used 311497K [0x0000000080000000, 0x0000000100000000)
  region size 1024K, 140 young (143360K), 14 survivors (14336K)
 Metaspace       used 138053K, committed 140288K, reserved 1179648K
  class space    used 18548K, committed 19648K, reserved 1048576K
}
Event: 37.460 GC heap after
{Heap after GC invocations=72 (full 0):
 garbage-first heap   total 359424K, used 206184K [0x0000000080000000, 0x0000000100000000)
  region size 1024K, 18 young (18432K), 18 survivors (18432K)
 Metaspace       used 138053K, committed 140288K, reserved 1179648K
  class space    used 18548K, committed 19648K, reserved 1048576K
}
Event: 37.669 GC heap before
{Heap before GC invocations=72 (full 0):
 garbage-first heap   total 359424K, used 315752K [0x0000000080000000, 0x0000000100000000)
  region size 1024K, 125 young (128000K), 18 survivors (18432K)
 Metaspace       used 139589K, committed 141824K, reserved 1179648K
  class space    used 18853K, committed 19968K, reserved 1048576K
}
Event: 37.699 GC heap after
{Heap after GC invocations=73 (full 0):
 garbage-first heap   total 359424K, used 227328K [0x0000000080000000, 0x0000000100000000)
  region size 1024K, 16 young (16384K), 16 survivors (16384K)
 Metaspace       used 139589K, committed 141824K, reserved 1179648K
  class space    used 18853K, committed 19968K, reserved 1048576K
}
Event: 37.857 GC heap before
{Heap before GC invocations=73 (full 0):
 garbage-first heap   total 359424K, used 319488K [0x0000000080000000, 0x0000000100000000)
  region size 1024K, 107 young (109568K), 16 survivors (16384K)
 Metaspace       used 140484K, committed 142784K, reserved 1179648K
  class space    used 19009K, committed 20160K, reserved 1048576K
}
Event: 37.881 GC heap after
{Heap after GC invocations=74 (full 0):
 garbage-first heap   total 359424K, used 245135K [0x0000000080000000, 0x0000000100000000)
  region size 1024K, 14 young (14336K), 14 survivors (14336K)
 Metaspace       used 140484K, committed 142784K, reserved 1179648K
  class space    used 19009K, committed 20160K, reserved 1048576K
}
Event: 38.098 GC heap before
{Heap before GC invocations=74 (full 0):
 garbage-first heap   total 359424K, used 325007K [0x0000000080000000, 0x0000000100000000)
  region size 1024K, 92 young (94208K), 14 survivors (14336K)
 Metaspace       used 141756K, committed 144000K, reserved 1179648K
  class space    used 19243K, committed 20352K, reserved 1048576K
}

