# JRE version: OpenJDK Runtime Environment (21.0.4) (build 21.0.4+-12508038-b607.1)
# Java VM: OpenJDK 64-Bit Server VM (21.0.4+-12508038-b607.1, mixed mode, tiered, compressed oops, compressed class ptrs, g1 gc, windows-amd64)
GC Precious Log:
 CardTable entry size: 512
 Card Set container configuration: InlinePtr #cards 5 size 8 Array Of Cards #cards 12 size 40 Howl #buckets 4 coarsen threshold 1843 Howl Bitmap #cards 512 size 80 coarsen threshold 460 Card regions per heap region 1 cards per card region 2048
 CPUs: 12 total, 12 available
 Memory: 15706M
 Large Page Support: Disabled
 NUMA Support: Disabled
 Compressed Oops: Enabled (32-bit)
 Heap Region Size: 1M
 Heap Min Capacity: 8M
 Heap Initial Capacity: 246M
 Heap Max Capacity: 2G
 Pre-touch: Disabled
 Parallel Workers: 10
 Concurrent Workers: 3
 Concurrent Refinement Workers: 10
 Periodic GC: Disabled
Heap:
 garbage-first heap   total 186368K, used 116088K [0x0000000080000000, 0x0000000100000000)
  region size 1024K, 5 young (5120K), 5 survivors (5120K)
 Metaspace       used 111370K, committed 113600K, reserved 1179648K
  class space    used 15322K, committed 16448K, reserved 1048576K
GC Heap History (20 events):
Event: 13.126 GC heap after
{Heap after GC invocations=29 (full 0):
 garbage-first heap   total 150528K, used 94447K [0x0000000080000000, 0x0000000100000000)
  region size 1024K, 3 young (3072K), 3 survivors (3072K)
 Metaspace       used 92141K, committed 94144K, reserved 1179648K
  class space    used 12397K, committed 13376K, reserved 1048576K
}
Event: 13.761 GC heap before
{Heap before GC invocations=29 (full 0):
 garbage-first heap   total 150528K, used 138479K [0x0000000080000000, 0x0000000100000000)
  region size 1024K, 46 young (47104K), 3 survivors (3072K)
 Metaspace       used 95735K, committed 97664K, reserved 1179648K
  class space    used 13061K, committed 14016K, reserved 1048576K
}
Event: 13.765 GC heap after
{Heap after GC invocations=30 (full 0):
 garbage-first heap   total 150528K, used 94949K [0x0000000080000000, 0x0000000100000000)
  region size 1024K, 4 young (4096K), 4 survivors (4096K)
 Metaspace       used 95735K, committed 97664K, reserved 1179648K
  class space    used 13061K, committed 14016K, reserved 1048576K
}
Event: 14.361 GC heap before
{Heap before GC invocations=31 (full 0):
 garbage-first heap   total 160768K, used 135909K [0x0000000080000000, 0x0000000100000000)
  region size 1024K, 44 young (45056K), 4 survivors (4096K)
 Metaspace       used 98381K, committed 100352K, reserved 1179648K
  class space    used 13466K, committed 14464K, reserved 1048576K
}
Event: 14.366 GC heap after
{Heap after GC invocations=32 (full 0):
 garbage-first heap   total 160768K, used 96971K [0x0000000080000000, 0x0000000100000000)
  region size 1024K, 6 young (6144K), 6 survivors (6144K)
 Metaspace       used 98381K, committed 100352K, reserved 1179648K
  class space    used 13466K, committed 14464K, reserved 1048576K
}
Event: 14.989 GC heap before
{Heap before GC invocations=32 (full 0):
 garbage-first heap   total 160768K, used 144075K [0x0000000080000000, 0x0000000100000000)
  region size 1024K, 52 young (53248K), 6 survivors (6144K)
 Metaspace       used 101842K, committed 103872K, reserved 1179648K
  class space    used 13972K, committed 15040K, reserved 1048576K
}
Event: 14.995 GC heap after
{Heap after GC invocations=33 (full 0):
 garbage-first heap   total 160768K, used 98969K [0x0000000080000000, 0x0000000100000000)
  region size 1024K, 7 young (7168K), 7 survivors (7168K)
 Metaspace       used 101842K, committed 103872K, reserved 1179648K
  class space    used 13972K, committed 15040K, reserved 1048576K
}
Event: 15.595 GC heap before
{Heap before GC invocations=33 (full 0):
 garbage-first heap   total 160768K, used 144025K [0x0000000080000000, 0x0000000100000000)
  region size 1024K, 51 young (52224K), 7 survivors (7168K)
 Metaspace       used 106432K, committed 108480K, reserved 1179648K
  class space    used 14601K, committed 15616K, reserved 1048576K
}
Event: 15.602 GC heap after
{Heap after GC invocations=34 (full 0):
 garbage-first heap   total 160768K, used 101056K [0x0000000080000000, 0x0000000100000000)
  region size 1024K, 6 young (6144K), 6 survivors (6144K)
 Metaspace       used 106432K, committed 108480K, reserved 1179648K
  class space    used 14601K, committed 15616K, reserved 1048576K
}
Event: 16.219 GC heap before
{Heap before GC invocations=35 (full 0):
 garbage-first heap   total 171008K, used 144064K [0x0000000080000000, 0x0000000100000000)
  region size 1024K, 48 young (49152K), 6 survivors (6144K)
 Metaspace       used 108775K, committed 110912K, reserved 1179648K
  class space    used 14951K, committed 16064K, reserved 1048576K
}
Event: 16.226 GC heap after
{Heap after GC invocations=36 (full 0):
 garbage-first heap   total 171008K, used 104435K [0x0000000080000000, 0x0000000100000000)
  region size 1024K, 6 young (6144K), 6 survivors (6144K)
 Metaspace       used 108775K, committed 110912K, reserved 1179648K
  class space    used 14951K, committed 16064K, reserved 1048576K
}
Event: 16.938 GC heap before
{Heap before GC invocations=36 (full 0):
 garbage-first heap   total 171008K, used 153587K [0x0000000080000000, 0x0000000100000000)
  region size 1024K, 55 young (56320K), 6 survivors (6144K)
 Metaspace       used 110618K, committed 112768K, reserved 1179648K
  class space    used 15191K, committed 16320K, reserved 1048576K
}
Event: 16.948 GC heap after
{Heap after GC invocations=37 (full 0):
 garbage-first heap   total 171008K, used 109485K [0x0000000080000000, 0x0000000100000000)
  region size 1024K, 7 young (7168K), 7 survivors (7168K)
 Metaspace       used 110618K, committed 112768K, reserved 1179648K
  class space    used 15191K, committed 16320K, reserved 1048576K
}
Event: 17.125 GC heap before
{Heap before GC invocations=37 (full 0):
 garbage-first heap   total 171008K, used 154541K [0x0000000080000000, 0x0000000100000000)
  region size 1024K, 51 young (52224K), 7 survivors (7168K)
 Metaspace       used 110627K, committed 112768K, reserved 1179648K
  class space    used 15192K, committed 16320K, reserved 1048576K
}
Event: 17.132 GC heap after
{Heap after GC invocations=38 (full 0):
 garbage-first heap   total 171008K, used 111524K [0x0000000080000000, 0x0000000100000000)
  region size 1024K, 4 young (4096K), 4 survivors (4096K)
 Metaspace       used 110627K, committed 112768K, reserved 1179648K
  class space    used 15192K, committed 16320K, reserved 1048576K
}
Event: 17.410 GC heap before
{Heap before GC invocations=39 (full 0):
 garbage-first heap   total 186368K, used 155556K [0x0000000080000000, 0x0000000100000000)
  region size 1024K, 48 young (49152K), 4 survivors (4096K)
 Metaspace       used 110850K, committed 113024K, reserved 1179648K
  class space    used 15238K, committed 16384K, reserved 1048576K
}
Event: 17.413 GC heap after
{Heap after GC invocations=40 (full 0):
 garbage-first heap   total 186368K, used 112955K [0x0000000080000000, 0x0000000100000000)
  region size 1024K, 5 young (5120K), 5 survivors (5120K)
 Metaspace       used 110850K, committed 113024K, reserved 1179648K
  class space    used 15238K, committed 16384K, reserved 1048576K
}
Event: 17.922 GC heap before
{Heap before GC invocations=40 (full 0):
 garbage-first heap   total 186368K, used 169275K [0x0000000080000000, 0x0000000100000000)
  region size 1024K, 60 young (61440K), 5 survivors (5120K)
 Metaspace       used 111172K, committed 113344K, reserved 1179648K
  class space    used 15291K, committed 16384K, reserved 1048576K
}
Event: 17.930 GC heap after
{Heap after GC invocations=41 (full 0):
 garbage-first heap   total 186368K, used 113904K [0x0000000080000000, 0x0000000100000000)
  region size 1024K, 7 young (7168K), 7 survivors (7168K)
 Metaspace       used 111172K, committed 113344K, reserved 1179648K
  class space    used 15291K, committed 16384K, reserved 1048576K
}
Event: 18.270 GC heap before
{Heap before GC invocations=41 (full 0):
 garbage-first heap   total 186368K, used 161008K [0x0000000080000000, 0x0000000100000000)
  region size 1024K, 55 young (56320K), 7 survivors (7168K)
 Metaspace       used 111370K, committed 113600K, reserved 1179648K
  class space    used 15322K, committed 16448K, reserved 1048576K
}

